<?xml version="1.0" encoding="UTF-8"?>
<testsuite name="br.com.rm.thotapi.ThotApiApplicationTests" tests="1" skipped="0" failures="0" errors="0" timestamp="2020-11-14T00:29:42" hostname="manjaro" time="0.214">
  <properties/>
  <testcase name="contextLoads()" classname="br.com.rm.thotapi.ThotApiApplicationTests" time="0.214"/>
  <system-out><![CDATA[21:29:40.425 [Test worker] DEBUG org.springframework.test.context.BootstrapUtils - Instantiating CacheAwareContextLoaderDelegate from class [org.springframework.test.context.cache.DefaultCacheAwareContextLoaderDelegate]
21:29:40.436 [Test worker] DEBUG org.springframework.test.context.BootstrapUtils - Instantiating BootstrapContext using constructor [public org.springframework.test.context.support.DefaultBootstrapContext(java.lang.Class,org.springframework.test.context.CacheAwareContextLoaderDelegate)]
21:29:40.459 [Test worker] DEBUG org.springframework.test.context.BootstrapUtils - Instantiating TestContextBootstrapper for test class [br.com.rm.thotapi.ThotApiApplicationTests] from class [org.springframework.boot.test.context.SpringBootTestContextBootstrapper]
21:29:40.474 [Test worker] INFO org.springframework.boot.test.context.SpringBootTestContextBootstrapper - Neither @ContextConfiguration nor @ContextHierarchy found for test class [br.com.rm.thotapi.ThotApiApplicationTests], using SpringBootContextLoader
21:29:40.477 [Test worker] DEBUG org.springframework.test.context.support.AbstractContextLoader - Did not detect default resource location for test class [br.com.rm.thotapi.ThotApiApplicationTests]: class path resource [br/com/rm/thotapi/ThotApiApplicationTests-context.xml] does not exist
21:29:40.478 [Test worker] DEBUG org.springframework.test.context.support.AbstractContextLoader - Did not detect default resource location for test class [br.com.rm.thotapi.ThotApiApplicationTests]: class path resource [br/com/rm/thotapi/ThotApiApplicationTestsContext.groovy] does not exist
21:29:40.478 [Test worker] INFO org.springframework.test.context.support.AbstractContextLoader - Could not detect default resource locations for test class [br.com.rm.thotapi.ThotApiApplicationTests]: no resource found for suffixes {-context.xml, Context.groovy}.
21:29:40.478 [Test worker] INFO org.springframework.test.context.support.AnnotationConfigContextLoaderUtils - Could not detect default configuration classes for test class [br.com.rm.thotapi.ThotApiApplicationTests]: ThotApiApplicationTests does not declare any static, non-private, non-final, nested classes annotated with @Configuration.
21:29:40.510 [Test worker] DEBUG org.springframework.test.context.support.ActiveProfilesUtils - Could not find an 'annotation declaring class' for annotation type [org.springframework.test.context.ActiveProfiles] and class [br.com.rm.thotapi.ThotApiApplicationTests]
21:29:40.567 [Test worker] DEBUG org.springframework.context.annotation.ClassPathScanningCandidateComponentProvider - Identified candidate component class: file [/home/romulo/dev/RM/thot-api/build/classes/kotlin/main/br/com/rm/thotapi/ThotApiApplication.class]
21:29:40.568 [Test worker] INFO org.springframework.boot.test.context.SpringBootTestContextBootstrapper - Found @SpringBootConfiguration br.com.rm.thotapi.ThotApiApplication for test class br.com.rm.thotapi.ThotApiApplicationTests
21:29:40.641 [Test worker] DEBUG org.springframework.boot.test.context.SpringBootTestContextBootstrapper - @TestExecutionListeners is not present for class [br.com.rm.thotapi.ThotApiApplicationTests]: using defaults.
21:29:40.642 [Test worker] INFO org.springframework.boot.test.context.SpringBootTestContextBootstrapper - Loaded default TestExecutionListener class names from location [META-INF/spring.factories]: [org.springframework.boot.test.autoconfigure.restdocs.RestDocsTestExecutionListener, org.springframework.boot.test.autoconfigure.web.client.MockRestServiceServerResetTestExecutionListener, org.springframework.boot.test.autoconfigure.web.servlet.MockMvcPrintOnlyOnFailureTestExecutionListener, org.springframework.boot.test.autoconfigure.web.servlet.WebDriverTestExecutionListener, org.springframework.boot.test.mock.mockito.MockitoTestExecutionListener, org.springframework.boot.test.mock.mockito.ResetMocksTestExecutionListener, org.springframework.test.context.web.ServletTestExecutionListener, org.springframework.test.context.support.DirtiesContextBeforeModesTestExecutionListener, org.springframework.test.context.support.DependencyInjectionTestExecutionListener, org.springframework.test.context.support.DirtiesContextTestExecutionListener, org.springframework.test.context.transaction.TransactionalTestExecutionListener, org.springframework.test.context.jdbc.SqlScriptsTestExecutionListener, org.springframework.test.context.event.EventPublishingTestExecutionListener]
21:29:40.651 [Test worker] DEBUG org.springframework.boot.test.context.SpringBootTestContextBootstrapper - Skipping candidate TestExecutionListener [org.springframework.test.context.transaction.TransactionalTestExecutionListener] due to a missing dependency. Specify custom listener classes or make the default listener classes and their required dependencies available. Offending class: [org/springframework/transaction/TransactionDefinition]
21:29:40.652 [Test worker] DEBUG org.springframework.boot.test.context.SpringBootTestContextBootstrapper - Skipping candidate TestExecutionListener [org.springframework.test.context.jdbc.SqlScriptsTestExecutionListener] due to a missing dependency. Specify custom listener classes or make the default listener classes and their required dependencies available. Offending class: [org/springframework/transaction/interceptor/TransactionAttribute]
21:29:40.653 [Test worker] INFO org.springframework.boot.test.context.SpringBootTestContextBootstrapper - Using TestExecutionListeners: [org.springframework.test.context.web.ServletTestExecutionListener@541b9ebe, org.springframework.test.context.support.DirtiesContextBeforeModesTestExecutionListener@2052a059, org.springframework.boot.test.mock.mockito.MockitoTestExecutionListener@58e0ccec, org.springframework.boot.test.autoconfigure.SpringBootDependencyInjectionTestExecutionListener@1a694f05, org.springframework.test.context.support.DirtiesContextTestExecutionListener@120fdc98, org.springframework.test.context.event.EventPublishingTestExecutionListener@276ae6e8, org.springframework.boot.test.autoconfigure.restdocs.RestDocsTestExecutionListener@79b3c945, org.springframework.boot.test.autoconfigure.web.client.MockRestServiceServerResetTestExecutionListener@2972b011, org.springframework.boot.test.autoconfigure.web.servlet.MockMvcPrintOnlyOnFailureTestExecutionListener@45f552bb, org.springframework.boot.test.autoconfigure.web.servlet.WebDriverTestExecutionListener@35d8b14b, org.springframework.boot.test.mock.mockito.ResetMocksTestExecutionListener@52c6bf54]
21:29:40.657 [Test worker] DEBUG org.springframework.test.context.support.AbstractDirtiesContextTestExecutionListener - Before test class: context [DefaultTestContext@2318cd9d testClass = ThotApiApplicationTests, testInstance = [null], testMethod = [null], testException = [null], mergedContextConfiguration = [WebMergedContextConfiguration@728f7d29 testClass = ThotApiApplicationTests, locations = '{}', classes = '{class br.com.rm.thotapi.ThotApiApplication}', contextInitializerClasses = '[]', activeProfiles = '{}', propertySourceLocations = '{}', propertySourceProperties = '{org.springframework.boot.test.context.SpringBootTestContextBootstrapper=true}', contextCustomizers = set[org.springframework.boot.test.autoconfigure.properties.PropertyMappingContextCustomizer@0, org.springframework.boot.test.autoconfigure.web.servlet.WebDriverContextCustomizerFactory$Customizer@5b9377ae, org.springframework.boot.test.context.filter.ExcludeFilterContextCustomizer@7ddac707, org.springframework.boot.test.json.DuplicateJsonObjectContextCustomizerFactory$DuplicateJsonObjectContextCustomizer@7ac70029, org.springframework.boot.test.mock.mockito.MockitoContextCustomizer@0, org.springframework.boot.test.web.client.TestRestTemplateContextCustomizer@3b9a78d5], resourceBasePath = 'src/main/webapp', contextLoader = 'org.springframework.boot.test.context.SpringBootContextLoader', parent = [null]], attributes = map['org.springframework.test.context.web.ServletTestExecutionListener.activateListener' -> true]], class annotated with @DirtiesContext [false] with mode [null].
21:29:40.678 [Test worker] DEBUG org.springframework.test.context.support.TestPropertySourceUtils - Adding inlined properties to environment: {spring.jmx.enabled=false, org.springframework.boot.test.context.SpringBootTestContextBootstrapper=true, server.port=-1}

  .   ____          _            __ _ _
 /\\ / ___'_ __ _ _(_)_ __  __ _ \ \ \ \
( ( )\___ | '_ | '_| | '_ \/ _` | \ \ \ \
 \\/  ___)| |_)| | | | | || (_| |  ) ) ) )
  '  |____| .__|_| |_|_| |_\__, | / / / /
 =========|_|==============|___/=/_/_/_/
 :: Spring Boot ::        (v2.2.4.RELEASE)

2020-11-13 21:29:40.900  INFO 5929 --- [    Test worker] b.c.rm.thotapi.ThotApiApplicationTests   : Starting ThotApiApplicationTests on manjaro with PID 5929 (started by romulo in /home/romulo/dev/RM/thot-api)
2020-11-13 21:29:40.902  INFO 5929 --- [    Test worker] b.c.rm.thotapi.ThotApiApplicationTests   : No active profile set, falling back to default profiles: default
2020-11-13 21:29:42.171  INFO 5929 --- [    Test worker] o.s.s.concurrent.ThreadPoolTaskExecutor  : Initializing ExecutorService 'applicationTaskExecutor'
2020-11-13 21:29:42.431  INFO 5929 --- [    Test worker] b.c.rm.thotapi.ThotApiApplicationTests   : Started ThotApiApplicationTests in 1.744 seconds (JVM running for 2.629)
]]></system-out>
  <system-err><![CDATA[]]></system-err>
</testsuite>
